#
# A fatal error has been detected by the Java Runtime Environment:
#
#  EXCEPTION_ACCESS_VIOLATION (0xc0000005) at pc=0x00007ffbaf1be0f3, pid=3940, tid=6944
#
# JRE version: OpenJDK Runtime Environment (14.0.2+12) (build 14.0.2+12-46)
# Java VM: OpenJDK 64-Bit Server VM (14.0.2+12-46, mixed mode, tiered, compressed oops, g1 gc, windows-amd64)
# Problematic frame:
# V  [jvm.dll+0x2ee0f3]
#
# No core dump will be written. Minidumps are not enabled by default on client versions of Windows
#
# If you would like to submit a bug report, please visit:
#   https://bugreport.java.com/bugreport/crash.jsp
#

---------------  S U M M A R Y ------------

Command Line: -XX:+ShowCodeDetailsInExceptionMessages -agentlib:jdwp=transport=dt_socket,suspend=y,address=localhost:62771 -javaagent:C:\Users\carlos.cg\eclipse\java-2020-09\eclipse\configuration\org.eclipse.osgi\215\0\.cp\lib\javaagent-shaded.jar -Dfile.encoding=UTF-8 UT6.UT6_22.ejercicio_22

Host: Intel(R) Core(TM) i3-6100 CPU @ 3.70GHz, 4 cores, 7G,  Windows 10 , 64 bit Build 18362 (10.0.18362.1110)
Time: Tue Jan 26 12:19:40 2021 Hora estándar romance elapsed time: 223 seconds (0d 0h 3m 43s)

---------------  T H R E A D  ---------------

Current thread (0x000002ef7c466000):  JavaThread "JDWP Transport Listener: dt_socket" daemon [_thread_in_vm, id=6944, stack(0x000000fec7300000,0x000000fec7400000)] _threads_hazard_ptr=0x000002ef7c97fd30

Stack: [0x000000fec7300000,0x000000fec7400000],  sp=0x000000fec73fef70,  free space=1019k
Native frames: (J=compiled Java code, j=interpreted, Vv=VM code, C=native code)
V  [jvm.dll+0x2ee0f3]
V  [jvm.dll+0x2f1f87]
V  [jvm.dll+0x2f248c]
V  [jvm.dll+0x2ee3c2]
V  [jvm.dll+0x5e7b55]
V  [jvm.dll+0x5e78dd]
V  [jvm.dll+0x5af8e3]
V  [jvm.dll+0x739aef]
V  [jvm.dll+0x4bee61]
V  [jvm.dll+0x74908b]
V  [jvm.dll+0x4a54ee]
V  [jvm.dll+0x46ee7b]
C  [jdwp.dll+0x7bbc]


siginfo: EXCEPTION_ACCESS_VIOLATION (0xc0000005), reading address 0xffffffffffffffff


Register to memory mapping:

RIP=0x00007ffbaf1be0f3 jvm.dll
RAX=0x000002ef7c91b340 points into unknown readable memory: 01 00 00 00 00 00 00 00
RBX=0x000000fec73ff140 is pointing into the stack for thread: 0x000002ef7c466000
RCX=0x000000fec73ff1b0 is pointing into the stack for thread: 0x000002ef7c466000
RDX=0xffffffffffffccb8 is an unknown value
RSP=0x000000fec73fef70 is pointing into the stack for thread: 0x000002ef7c466000
RBP=0x00007ffbaf1be0d0 jvm.dll
RSI=0x0 is NULL
RDI=0x00000000000000a6 is an unknown value
R8 =0x03ffffffffffff32 is an unknown value
R9 =0x0000000000000038 is an unknown value
R10=0x000002ef7c382920 points into unknown readable memory: 03 00 00 00 1e 00 00 00
R11={method} {0x000002ef7d0f90a8} 'main' '([Ljava/lang/String;)V' in 'UT6/UT6_22/ejercicio_22'
R12=0x0000000000000001 is an unknown value
R13=0x00007ffbaeed0000 jvm.dll
R14=0x000002ef7d0f8fc8 is pointing into metadata
R15=0x0000000000000248 is an unknown value


Registers:
RAX=0x000002ef7c91b340, RBX=0x000000fec73ff140, RCX=0x000000fec73ff1b0, RDX=0xffffffffffffccb8
RSP=0x000000fec73fef70, RBP=0x00007ffbaf1be0d0, RSI=0x0000000000000000, RDI=0x00000000000000a6
R8 =0x03ffffffffffff32, R9 =0x0000000000000038, R10=0x000002ef7c382920, R11=0x000002ef7d0f90a0
R12=0x0000000000000001, R13=0x00007ffbaeed0000, R14=0x000002ef7d0f8fc8, R15=0x0000000000000248
RIP=0x00007ffbaf1be0f3, EFLAGS=0x0000000000010a03

Top of Stack: (sp=0x000000fec73fef70)
0x000000fec73fef70:   000000fec73feff0 6666666666666667
0x000000fec73fef80:   0000000000000000 00007ffbaf1d350a
0x000000fec73fef90:   000000fec73ff140 00007ffbaf1c1f87
0x000000fec73fefa0:   000000fec73ff140 000002ef7c466000
0x000000fec73fefb0:   000000fec73ff010 00007ffbaefd8d6e
0x000000fec73fefc0:   000002ef7d0f90a0 000000fec73ff1b0
0x000000fec73fefd0:   000002ef7c922008 000002ef7d0f8fc8
0x000000fec73fefe0:   00000000000000a6 00007ffbaf1c248c
0x000000fec73feff0:   000000fec73ff140 0000000000000248
0x000000fec73ff000:   00000000000000a6 000002ef6e8a0cc0
0x000000fec73ff010:   000002ef7d0f90a0 000002ef7c466000
0x000000fec73ff020:   0000024b00000248 000000a60000025a
0x000000fec73ff030:   0000025a00000000 ffffffff000000a6
0x000000fec73ff040:   000002ef7c922008 0000000000000000
0x000000fec73ff050:   0000000000000000 00000000000083b0
0x000000fec73ff060:   000002ef7c91b2f0 00007ffbaf1be3c2 

Instructions: (pc=0x00007ffbaf1be0f3)
0x00007ffbaf1bdff3:   84 b4 00 00 00 48 8b 5b 10 48 85 db 75 ef 33 d2
0x00007ffbaf1be003:   8d 4a 18 e8 65 39 36 00 48 8b d8 48 85 c0 0f 84
0x00007ffbaf1be013:   8e 00 00 00 33 d2 48 89 6c 24 48 49 8b 2e 48 89
0x00007ffbaf1be023:   74 24 50 89 38 8d 4a 20 e8 40 39 36 00 33 ff 48
0x00007ffbaf1be033:   8b f0 48 85 c0 74 54 8b 0d 38 23 6d 00 8d 57 08
0x00007ffbaf1be043:   89 48 04 48 8b c8 89 38 c7 40 10 08 00 00 00 48
0x00007ffbaf1be053:   89 78 08 e8 45 4e 01 00 48 89 46 18 39 7e 04 7e
0x00007ffbaf1be063:   2d 0f 1f 40 00 0f 1f 84 00 00 00 00 00 48 8b 46
0x00007ffbaf1be073:   18 48 63 cf 48 8d 14 c8 48 85 d2 74 05 33 c0 48
0x00007ffbaf1be083:   89 02 ff c7 3b 7e 04 7c e4 eb 03 48 8b f7 48 89
0x00007ffbaf1be093:   73 08 48 8b 74 24 50 48 89 6b 10 48 8b 6c 24 48
0x00007ffbaf1be0a3:   eb 04 33 ff 8b df 49 89 1e 48 8b 4b 08 48 8d 54
0x00007ffbaf1be0b3:   24 40 4c 89 7c 24 40 e8 e1 8b dc ff 48 8b 5c 24
0x00007ffbaf1be0c3:   58 48 83 c4 20 41 5f 41 5e 5f c3 cc cc 40 53 48
0x00007ffbaf1be0d3:   83 ec 20 48 63 d2 48 8b d9 0f b6 c2 48 83 c1 70
0x00007ffbaf1be0e3:   24 3f 4c 8b c2 44 0f b6 c8 49 c1 e8 06 48 8b 01
0x00007ffbaf1be0f3:   4e 8b 04 c0 4d 0f a3 c8 72 0b 41 b0 01 e8 6b f9
0x00007ffbaf1be103:   e0 ff ff 43 6c 48 83 c4 20 5b c3 cc cc 8b c2 4c
0x00007ffbaf1be113:   8b d1 41 33 c0 a9 00 00 00 f0 0f 84 ca 00 00 00
0x00007ffbaf1be123:   44 8b ca 8b c2 41 c1 e9 1d b9 72 00 00 00 41 80
0x00007ffbaf1be133:   e1 01 c1 e8 1e 44 8d 59 ae a8 01 74 1a 45 84 c9
0x00007ffbaf1be143:   75 0d c1 ea 1c f6 c2 01 75 05 44 8b c9 eb 35 41
0x00007ffbaf1be153:   b9 23 00 00 00 eb 2d 45 84 c9 74 08 41 b9 76 00
0x00007ffbaf1be163:   00 00 eb 20 8b c2 c1 e8 1c a8 01 74 08 41 b9 70
0x00007ffbaf1be173:   00 00 00 eb 0f c1 ea 1f 41 b9 40 00 00 00 84 d2
0x00007ffbaf1be183:   45 0f 45 cb 41 8b d0 41 8b c0 c1 ea 1d 80 e2 01
0x00007ffbaf1be193:   c1 e8 1e a8 01 74 15 84 d2 75 0a 41 c1 e8 1c 41
0x00007ffbaf1be1a3:   f6 c0 01 74 33 b9 23 00 00 00 eb 2c 84 d2 74 07
0x00007ffbaf1be1b3:   b9 76 00 00 00 eb 21 41 8b c0 c1 e8 1c a8 01 74
0x00007ffbaf1be1c3:   07 b9 70 00 00 00 eb 10 41 c1 e8 1f b9 40 00 00
0x00007ffbaf1be1d3:   00 45 84 c0 41 0f 45 cb 44 8b c1 48 8d 15 43 79
0x00007ffbaf1be1e3:   56 00 49 8b ca e9 f3 5b 00 00 c3 cc cc 48 89 5c 


Stack slot to memory mapping:
stack at sp + 0 slots: 0x000000fec73feff0 is pointing into the stack for thread: 0x000002ef7c466000
stack at sp + 1 slots: 0x6666666666666667 is an unknown value
stack at sp + 2 slots: 0x0 is NULL
stack at sp + 3 slots: 0x00007ffbaf1d350a jvm.dll
stack at sp + 4 slots: 0x000000fec73ff140 is pointing into the stack for thread: 0x000002ef7c466000
stack at sp + 5 slots: 0x00007ffbaf1c1f87 jvm.dll
stack at sp + 6 slots: 0x000000fec73ff140 is pointing into the stack for thread: 0x000002ef7c466000
stack at sp + 7 slots: 0x000002ef7c466000 is a thread


---------------  P R O C E S S  ---------------

Threads class SMR info:
_java_thread_list=0x000002ef7c97fd30, length=14, elements={
0x000002ef70bee800, 0x000002ef7c0c6800, 0x000002ef7c0c8000, 0x000002ef7c0ec800,
0x000002ef7c0f0000, 0x000002ef7c0f2800, 0x000002ef7c0f9800, 0x000002ef7c0fa800,
0x000002ef7c0fd800, 0x000002ef7c0fd000, 0x000002ef7c466000, 0x000002ef7c467000,
0x000002ef7c346800, 0x000002ef7c0fe800
}

Java Threads: ( => current thread )
  0x000002ef70bee800 JavaThread "main" [_thread_blocked, id=4160, stack(0x000000fec6300000,0x000000fec6400000)]
  0x000002ef7c0c6800 JavaThread "Reference Handler" daemon [_thread_blocked, id=5244, stack(0x000000fec6a00000,0x000000fec6b00000)]
  0x000002ef7c0c8000 JavaThread "Finalizer" daemon [_thread_blocked, id=10652, stack(0x000000fec6b00000,0x000000fec6c00000)]
  0x000002ef7c0ec800 JavaThread "Signal Dispatcher" daemon [_thread_blocked, id=3172, stack(0x000000fec6c00000,0x000000fec6d00000)]
  0x000002ef7c0f0000 JavaThread "Attach Listener" daemon [_thread_blocked, id=1276, stack(0x000000fec6d00000,0x000000fec6e00000)]
  0x000002ef7c0f2800 JavaThread "Service Thread" daemon [_thread_blocked, id=6488, stack(0x000000fec6e00000,0x000000fec6f00000)]
  0x000002ef7c0f9800 JavaThread "C2 CompilerThread0" daemon [_thread_blocked, id=6704, stack(0x000000fec6f00000,0x000000fec7000000)]
  0x000002ef7c0fa800 JavaThread "C1 CompilerThread0" daemon [_thread_blocked, id=3428, stack(0x000000fec7000000,0x000000fec7100000)]
  0x000002ef7c0fd800 JavaThread "Sweeper thread" daemon [_thread_blocked, id=11144, stack(0x000000fec7100000,0x000000fec7200000)]
  0x000002ef7c0fd000 JavaThread "Common-Cleaner" daemon [_thread_blocked, id=5348, stack(0x000000fec7200000,0x000000fec7300000)]
=>0x000002ef7c466000 JavaThread "JDWP Transport Listener: dt_socket" daemon [_thread_in_vm, id=6944, stack(0x000000fec7300000,0x000000fec7400000)]
  0x000002ef7c467000 JavaThread "JDWP Event Helper Thread" daemon [_thread_blocked, id=3348, stack(0x000000fec7400000,0x000000fec7500000)]
  0x000002ef7c346800 JavaThread "JDWP Command Reader" daemon [_thread_in_native, id=692, stack(0x000000fec7500000,0x000000fec7600000)]
  0x000002ef7c0fe800 JavaThread "Notification Thread" daemon [_thread_blocked, id=5540, stack(0x000000fec7600000,0x000000fec7700000)]

Other Threads:
  0x000002ef7b86d000 VMThread "VM Thread" [stack: 0x000000fec6900000,0x000000fec6a00000] [id=8096]
  0x000002ef7c998000 WatcherThread [stack: 0x000000fec7700000,0x000000fec7800000] [id=8996]
  0x000002ef70c31000 GCTaskThread "GC Thread#0" [stack: 0x000000fec6400000,0x000000fec6500000] [id=11004]
  0x000002ef70c45000 ConcurrentGCThread "G1 Main Marker" [stack: 0x000000fec6500000,0x000000fec6600000] [id=7468]
  0x000002ef70c47800 ConcurrentGCThread "G1 Conc#0" [stack: 0x000000fec6600000,0x000000fec6700000] [id=1056]
  0x000002ef7b6b3800 ConcurrentGCThread "G1 Refine#0" [stack: 0x000000fec6700000,0x000000fec6800000] [id=8268]
  0x000002ef7b6b4000 ConcurrentGCThread "G1 Young RemSet Sampling" [stack: 0x000000fec6800000,0x000000fec6900000] [id=5052]

Threads with active compile tasks:

VM state:not at safepoint (normal execution)

VM Mutex/Monitor currently owned by a thread: None

Heap address: 0x0000000082000000, size: 2016 MB, Compressed Oops mode: 32-bit
Narrow klass base: 0x0000000000000000, Narrow klass shift: 3
Compressed class space size: 1073741824 Address: 0x0000000100000000

Heap:
 garbage-first heap   total 129024K, used 6144K [0x0000000082000000, 0x0000000100000000)
  region size 1024K, 7 young (7168K), 0 survivors (0K)
 Metaspace       used 10030K, capacity 10293K, committed 10496K, reserved 1058816K
  class space    used 899K, capacity 957K, committed 1024K, reserved 1048576K
Heap Regions: E=young(eden), S=young(survivor), O=old, HS=humongous(starts), HC=humongous(continues), CS=collection set, F=free, OA=open archive, CA=closed archive, TAMS=top-at-mark-start (previous, next)
|   0|0x0000000082000000, 0x0000000082000000, 0x0000000082100000|  0%| F|  |TAMS 0x0000000082000000, 0x0000000082000000| Untracked 
|   1|0x0000000082100000, 0x0000000082100000, 0x0000000082200000|  0%| F|  |TAMS 0x0000000082100000, 0x0000000082100000| Untracked 
|   2|0x0000000082200000, 0x0000000082200000, 0x0000000082300000|  0%| F|  |TAMS 0x0000000082200000, 0x0000000082200000| Untracked 
|   3|0x0000000082300000, 0x0000000082300000, 0x0000000082400000|  0%| F|  |TAMS 0x0000000082300000, 0x0000000082300000| Untracked 
|   4|0x0000000082400000, 0x0000000082400000, 0x0000000082500000|  0%| F|  |TAMS 0x0000000082400000, 0x0000000082400000| Untracked 
|   5|0x0000000082500000, 0x0000000082500000, 0x0000000082600000|  0%| F|  |TAMS 0x0000000082500000, 0x0000000082500000| Untracked 
|   6|0x0000000082600000, 0x0000000082600000, 0x0000000082700000|  0%| F|  |TAMS 0x0000000082600000, 0x0000000082600000| Untracked 
|   7|0x0000000082700000, 0x0000000082700000, 0x0000000082800000|  0%| F|  |TAMS 0x0000000082700000, 0x0000000082700000| Untracked 
|   8|0x0000000082800000, 0x0000000082800000, 0x0000000082900000|  0%| F|  |TAMS 0x0000000082800000, 0x0000000082800000| Untracked 
|   9|0x0000000082900000, 0x0000000082900000, 0x0000000082a00000|  0%| F|  |TAMS 0x0000000082900000, 0x0000000082900000| Untracked 
|  10|0x0000000082a00000, 0x0000000082a00000, 0x0000000082b00000|  0%| F|  |TAMS 0x0000000082a00000, 0x0000000082a00000| Untracked 
|  11|0x0000000082b00000, 0x0000000082b00000, 0x0000000082c00000|  0%| F|  |TAMS 0x0000000082b00000, 0x0000000082b00000| Untracked 
|  12|0x0000000082c00000, 0x0000000082c00000, 0x0000000082d00000|  0%| F|  |TAMS 0x0000000082c00000, 0x0000000082c00000| Untracked 
|  13|0x0000000082d00000, 0x0000000082d00000, 0x0000000082e00000|  0%| F|  |TAMS 0x0000000082d00000, 0x0000000082d00000| Untracked 
|  14|0x0000000082e00000, 0x0000000082e00000, 0x0000000082f00000|  0%| F|  |TAMS 0x0000000082e00000, 0x0000000082e00000| Untracked 
|  15|0x0000000082f00000, 0x0000000082f00000, 0x0000000083000000|  0%| F|  |TAMS 0x0000000082f00000, 0x0000000082f00000| Untracked 
|  16|0x0000000083000000, 0x0000000083000000, 0x0000000083100000|  0%| F|  |TAMS 0x0000000083000000, 0x0000000083000000| Untracked 
|  17|0x0000000083100000, 0x0000000083100000, 0x0000000083200000|  0%| F|  |TAMS 0x0000000083100000, 0x0000000083100000| Untracked 
|  18|0x0000000083200000, 0x0000000083200000, 0x0000000083300000|  0%| F|  |TAMS 0x0000000083200000, 0x0000000083200000| Untracked 
|  19|0x0000000083300000, 0x0000000083300000, 0x0000000083400000|  0%| F|  |TAMS 0x0000000083300000, 0x0000000083300000| Untracked 
|  20|0x0000000083400000, 0x0000000083400000, 0x0000000083500000|  0%| F|  |TAMS 0x0000000083400000, 0x0000000083400000| Untracked 
|  21|0x0000000083500000, 0x0000000083500000, 0x0000000083600000|  0%| F|  |TAMS 0x0000000083500000, 0x0000000083500000| Untracked 
|  22|0x0000000083600000, 0x0000000083600000, 0x0000000083700000|  0%| F|  |TAMS 0x0000000083600000, 0x0000000083600000| Untracked 
|  23|0x0000000083700000, 0x0000000083700000, 0x0000000083800000|  0%| F|  |TAMS 0x0000000083700000, 0x0000000083700000| Untracked 
|  24|0x0000000083800000, 0x0000000083800000, 0x0000000083900000|  0%| F|  |TAMS 0x0000000083800000, 0x0000000083800000| Untracked 
|  25|0x0000000083900000, 0x0000000083900000, 0x0000000083a00000|  0%| F|  |TAMS 0x0000000083900000, 0x0000000083900000| Untracked 
|  26|0x0000000083a00000, 0x0000000083a00000, 0x0000000083b00000|  0%| F|  |TAMS 0x0000000083a00000, 0x0000000083a00000| Untracked 
|  27|0x0000000083b00000, 0x0000000083b00000, 0x0000000083c00000|  0%| F|  |TAMS 0x0000000083b00000, 0x0000000083b00000| Untracked 
|  28|0x0000000083c00000, 0x0000000083c00000, 0x0000000083d00000|  0%| F|  |TAMS 0x0000000083c00000, 0x0000000083c00000| Untracked 
|  29|0x0000000083d00000, 0x0000000083d00000, 0x0000000083e00000|  0%| F|  |TAMS 0x0000000083d00000, 0x0000000083d00000| Untracked 
|  30|0x0000000083e00000, 0x0000000083e00000, 0x0000000083f00000|  0%| F|  |TAMS 0x0000000083e00000, 0x0000000083e00000| Untracked 
|  31|0x0000000083f00000, 0x0000000083f00000, 0x0000000084000000|  0%| F|  |TAMS 0x0000000083f00000, 0x0000000083f00000| Untracked 
|  32|0x0000000084000000, 0x0000000084000000, 0x0000000084100000|  0%| F|  |TAMS 0x0000000084000000, 0x0000000084000000| Untracked 
|  33|0x0000000084100000, 0x0000000084100000, 0x0000000084200000|  0%| F|  |TAMS 0x0000000084100000, 0x0000000084100000| Untracked 
|  34|0x0000000084200000, 0x0000000084200000, 0x0000000084300000|  0%| F|  |TAMS 0x0000000084200000, 0x0000000084200000| Untracked 
|  35|0x0000000084300000, 0x0000000084300000, 0x0000000084400000|  0%| F|  |TAMS 0x0000000084300000, 0x0000000084300000| Untracked 
|  36|0x0000000084400000, 0x0000000084400000, 0x0000000084500000|  0%| F|  |TAMS 0x0000000084400000, 0x0000000084400000| Untracked 
|  37|0x0000000084500000, 0x0000000084500000, 0x0000000084600000|  0%| F|  |TAMS 0x0000000084500000, 0x0000000084500000| Untracked 
|  38|0x0000000084600000, 0x0000000084600000, 0x0000000084700000|  0%| F|  |TAMS 0x0000000084600000, 0x0000000084600000| Untracked 
|  39|0x0000000084700000, 0x0000000084700000, 0x0000000084800000|  0%| F|  |TAMS 0x0000000084700000, 0x0000000084700000| Untracked 
|  40|0x0000000084800000, 0x0000000084800000, 0x0000000084900000|  0%| F|  |TAMS 0x0000000084800000, 0x0000000084800000| Untracked 
|  41|0x0000000084900000, 0x0000000084900000, 0x0000000084a00000|  0%| F|  |TAMS 0x0000000084900000, 0x0000000084900000| Untracked 
|  42|0x0000000084a00000, 0x0000000084a00000, 0x0000000084b00000|  0%| F|  |TAMS 0x0000000084a00000, 0x0000000084a00000| Untracked 
|  43|0x0000000084b00000, 0x0000000084b00000, 0x0000000084c00000|  0%| F|  |TAMS 0x0000000084b00000, 0x0000000084b00000| Untracked 
|  44|0x0000000084c00000, 0x0000000084c00000, 0x0000000084d00000|  0%| F|  |TAMS 0x0000000084c00000, 0x0000000084c00000| Untracked 
|  45|0x0000000084d00000, 0x0000000084d00000, 0x0000000084e00000|  0%| F|  |TAMS 0x0000000084d00000, 0x0000000084d00000| Untracked 
|  46|0x0000000084e00000, 0x0000000084e00000, 0x0000000084f00000|  0%| F|  |TAMS 0x0000000084e00000, 0x0000000084e00000| Untracked 
|  47|0x0000000084f00000, 0x0000000084f00000, 0x0000000085000000|  0%| F|  |TAMS 0x0000000084f00000, 0x0000000084f00000| Untracked 
|  48|0x0000000085000000, 0x0000000085000000, 0x0000000085100000|  0%| F|  |TAMS 0x0000000085000000, 0x0000000085000000| Untracked 
|  49|0x0000000085100000, 0x0000000085100000, 0x0000000085200000|  0%| F|  |TAMS 0x0000000085100000, 0x0000000085100000| Untracked 
|  50|0x0000000085200000, 0x0000000085200000, 0x0000000085300000|  0%| F|  |TAMS 0x0000000085200000, 0x0000000085200000| Untracked 
|  51|0x0000000085300000, 0x0000000085300000, 0x0000000085400000|  0%| F|  |TAMS 0x0000000085300000, 0x0000000085300000| Untracked 
|  52|0x0000000085400000, 0x0000000085400000, 0x0000000085500000|  0%| F|  |TAMS 0x0000000085400000, 0x0000000085400000| Untracked 
|  53|0x0000000085500000, 0x0000000085500000, 0x0000000085600000|  0%| F|  |TAMS 0x0000000085500000, 0x0000000085500000| Untracked 
|  54|0x0000000085600000, 0x0000000085600000, 0x0000000085700000|  0%| F|  |TAMS 0x0000000085600000, 0x0000000085600000| Untracked 
|  55|0x0000000085700000, 0x0000000085700000, 0x0000000085800000|  0%| F|  |TAMS 0x0000000085700000, 0x0000000085700000| Untracked 
|  56|0x0000000085800000, 0x0000000085800000, 0x0000000085900000|  0%| F|  |TAMS 0x0000000085800000, 0x0000000085800000| Untracked 
|  57|0x0000000085900000, 0x0000000085900000, 0x0000000085a00000|  0%| F|  |TAMS 0x0000000085900000, 0x0000000085900000| Untracked 
|  58|0x0000000085a00000, 0x0000000085a00000, 0x0000000085b00000|  0%| F|  |TAMS 0x0000000085a00000, 0x0000000085a00000| Untracked 
|  59|0x0000000085b00000, 0x0000000085b00000, 0x0000000085c00000|  0%| F|  |TAMS 0x0000000085b00000, 0x0000000085b00000| Untracked 
|  60|0x0000000085c00000, 0x0000000085c00000, 0x0000000085d00000|  0%| F|  |TAMS 0x0000000085c00000, 0x0000000085c00000| Untracked 
|  61|0x0000000085d00000, 0x0000000085d00000, 0x0000000085e00000|  0%| F|  |TAMS 0x0000000085d00000, 0x0000000085d00000| Untracked 
|  62|0x0000000085e00000, 0x0000000085e00000, 0x0000000085f00000|  0%| F|  |TAMS 0x0000000085e00000, 0x0000000085e00000| Untracked 
|  63|0x0000000085f00000, 0x0000000085f00000, 0x0000000086000000|  0%| F|  |TAMS 0x0000000085f00000, 0x0000000085f00000| Untracked 
|  64|0x0000000086000000, 0x0000000086000000, 0x0000000086100000|  0%| F|  |TAMS 0x0000000086000000, 0x0000000086000000| Untracked 
|  65|0x0000000086100000, 0x0000000086100000, 0x0000000086200000|  0%| F|  |TAMS 0x0000000086100000, 0x0000000086100000| Untracked 
|  66|0x0000000086200000, 0x0000000086200000, 0x0000000086300000|  0%| F|  |TAMS 0x0000000086200000, 0x0000000086200000| Untracked 
|  67|0x0000000086300000, 0x0000000086300000, 0x0000000086400000|  0%| F|  |TAMS 0x0000000086300000, 0x0000000086300000| Untracked 
|  68|0x0000000086400000, 0x0000000086400000, 0x0000000086500000|  0%| F|  |TAMS 0x0000000086400000, 0x0000000086400000| Untracked 
|  69|0x0000000086500000, 0x0000000086500000, 0x0000000086600000|  0%| F|  |TAMS 0x0000000086500000, 0x0000000086500000| Untracked 
|  70|0x0000000086600000, 0x0000000086600000, 0x0000000086700000|  0%| F|  |TAMS 0x0000000086600000, 0x0000000086600000| Untracked 
|  71|0x0000000086700000, 0x0000000086700000, 0x0000000086800000|  0%| F|  |TAMS 0x0000000086700000, 0x0000000086700000| Untracked 
|  72|0x0000000086800000, 0x0000000086800000, 0x0000000086900000|  0%| F|  |TAMS 0x0000000086800000, 0x0000000086800000| Untracked 
|  73|0x0000000086900000, 0x0000000086900000, 0x0000000086a00000|  0%| F|  |TAMS 0x0000000086900000, 0x0000000086900000| Untracked 
|  74|0x0000000086a00000, 0x0000000086a00000, 0x0000000086b00000|  0%| F|  |TAMS 0x0000000086a00000, 0x0000000086a00000| Untracked 
|  75|0x0000000086b00000, 0x0000000086b00000, 0x0000000086c00000|  0%| F|  |TAMS 0x0000000086b00000, 0x0000000086b00000| Untracked 
|  76|0x0000000086c00000, 0x0000000086c00000, 0x0000000086d00000|  0%| F|  |TAMS 0x0000000086c00000, 0x0000000086c00000| Untracked 
|  77|0x0000000086d00000, 0x0000000086d00000, 0x0000000086e00000|  0%| F|  |TAMS 0x0000000086d00000, 0x0000000086d00000| Untracked 
|  78|0x0000000086e00000, 0x0000000086e00000, 0x0000000086f00000|  0%| F|  |TAMS 0x0000000086e00000, 0x0000000086e00000| Untracked 
|  79|0x0000000086f00000, 0x0000000086f00000, 0x0000000087000000|  0%| F|  |TAMS 0x0000000086f00000, 0x0000000086f00000| Untracked 
|  80|0x0000000087000000, 0x0000000087000000, 0x0000000087100000|  0%| F|  |TAMS 0x0000000087000000, 0x0000000087000000| Untracked 
|  81|0x0000000087100000, 0x0000000087100000, 0x0000000087200000|  0%| F|  |TAMS 0x0000000087100000, 0x0000000087100000| Untracked 
|  82|0x0000000087200000, 0x0000000087200000, 0x0000000087300000|  0%| F|  |TAMS 0x0000000087200000, 0x0000000087200000| Untracked 
|  83|0x0000000087300000, 0x0000000087300000, 0x0000000087400000|  0%| F|  |TAMS 0x0000000087300000, 0x0000000087300000| Untracked 
|  84|0x0000000087400000, 0x0000000087400000, 0x0000000087500000|  0%| F|  |TAMS 0x0000000087400000, 0x0000000087400000| Untracked 
|  85|0x0000000087500000, 0x0000000087500000, 0x0000000087600000|  0%| F|  |TAMS 0x0000000087500000, 0x0000000087500000| Untracked 
|  86|0x0000000087600000, 0x0000000087600000, 0x0000000087700000|  0%| F|  |TAMS 0x0000000087600000, 0x0000000087600000| Untracked 
|  87|0x0000000087700000, 0x0000000087700000, 0x0000000087800000|  0%| F|  |TAMS 0x0000000087700000, 0x0000000087700000| Untracked 
|  88|0x0000000087800000, 0x0000000087800000, 0x0000000087900000|  0%| F|  |TAMS 0x0000000087800000, 0x0000000087800000| Untracked 
|  89|0x0000000087900000, 0x0000000087900000, 0x0000000087a00000|  0%| F|  |TAMS 0x0000000087900000, 0x0000000087900000| Untracked 
|  90|0x0000000087a00000, 0x0000000087a00000, 0x0000000087b00000|  0%| F|  |TAMS 0x0000000087a00000, 0x0000000087a00000| Untracked 
|  91|0x0000000087b00000, 0x0000000087b00000, 0x0000000087c00000|  0%| F|  |TAMS 0x0000000087b00000, 0x0000000087b00000| Untracked 
|  92|0x0000000087c00000, 0x0000000087c00000, 0x0000000087d00000|  0%| F|  |TAMS 0x0000000087c00000, 0x0000000087c00000| Untracked 
|  93|0x0000000087d00000, 0x0000000087d00000, 0x0000000087e00000|  0%| F|  |TAMS 0x0000000087d00000, 0x0000000087d00000| Untracked 
|  94|0x0000000087e00000, 0x0000000087e00000, 0x0000000087f00000|  0%| F|  |TAMS 0x0000000087e00000, 0x0000000087e00000| Untracked 
|  95|0x0000000087f00000, 0x0000000087f00000, 0x0000000088000000|  0%| F|  |TAMS 0x0000000087f00000, 0x0000000087f00000| Untracked 
|  96|0x0000000088000000, 0x0000000088000000, 0x0000000088100000|  0%| F|  |TAMS 0x0000000088000000, 0x0000000088000000| Untracked 
|  97|0x0000000088100000, 0x0000000088100000, 0x0000000088200000|  0%| F|  |TAMS 0x0000000088100000, 0x0000000088100000| Untracked 
|  98|0x0000000088200000, 0x0000000088200000, 0x0000000088300000|  0%| F|  |TAMS 0x0000000088200000, 0x0000000088200000| Untracked 
|  99|0x0000000088300000, 0x0000000088300000, 0x0000000088400000|  0%| F|  |TAMS 0x0000000088300000, 0x0000000088300000| Untracked 
| 100|0x0000000088400000, 0x0000000088400000, 0x0000000088500000|  0%| F|  |TAMS 0x0000000088400000, 0x0000000088400000| Untracked 
| 101|0x0000000088500000, 0x0000000088500000, 0x0000000088600000|  0%| F|  |TAMS 0x0000000088500000, 0x0000000088500000| Untracked 
| 102|0x0000000088600000, 0x0000000088600000, 0x0000000088700000|  0%| F|  |TAMS 0x0000000088600000, 0x0000000088600000| Untracked 
| 103|0x0000000088700000, 0x0000000088700000, 0x0000000088800000|  0%| F|  |TAMS 0x0000000088700000, 0x0000000088700000| Untracked 
| 104|0x0000000088800000, 0x0000000088800000, 0x0000000088900000|  0%| F|  |TAMS 0x0000000088800000, 0x0000000088800000| Untracked 
| 105|0x0000000088900000, 0x0000000088900000, 0x0000000088a00000|  0%| F|  |TAMS 0x0000000088900000, 0x0000000088900000| Untracked 
| 106|0x0000000088a00000, 0x0000000088a00000, 0x0000000088b00000|  0%| F|  |TAMS 0x0000000088a00000, 0x0000000088a00000| Untracked 
| 107|0x0000000088b00000, 0x0000000088b00000, 0x0000000088c00000|  0%| F|  |TAMS 0x0000000088b00000, 0x0000000088b00000| Untracked 
| 108|0x0000000088c00000, 0x0000000088c00000, 0x0000000088d00000|  0%| F|  |TAMS 0x0000000088c00000, 0x0000000088c00000| Untracked 
| 109|0x0000000088d00000, 0x0000000088d00000, 0x0000000088e00000|  0%| F|  |TAMS 0x0000000088d00000, 0x0000000088d00000| Untracked 
| 110|0x0000000088e00000, 0x0000000088e00000, 0x0000000088f00000|  0%| F|  |TAMS 0x0000000088e00000, 0x0000000088e00000| Untracked 
| 111|0x0000000088f00000, 0x0000000088f00000, 0x0000000089000000|  0%| F|  |TAMS 0x0000000088f00000, 0x0000000088f00000| Untracked 
| 112|0x0000000089000000, 0x0000000089000000, 0x0000000089100000|  0%| F|  |TAMS 0x0000000089000000, 0x0000000089000000| Untracked 
| 113|0x0000000089100000, 0x0000000089100000, 0x0000000089200000|  0%| F|  |TAMS 0x0000000089100000, 0x0000000089100000| Untracked 
| 114|0x0000000089200000, 0x0000000089200000, 0x0000000089300000|  0%| F|  |TAMS 0x0000000089200000, 0x0000000089200000| Untracked 
| 115|0x0000000089300000, 0x0000000089300000, 0x0000000089400000|  0%| F|  |TAMS 0x0000000089300000, 0x0000000089300000| Untracked 
| 116|0x0000000089400000, 0x0000000089400000, 0x0000000089500000|  0%| F|  |TAMS 0x0000000089400000, 0x0000000089400000| Untracked 
| 117|0x0000000089500000, 0x0000000089500000, 0x0000000089600000|  0%| F|  |TAMS 0x0000000089500000, 0x0000000089500000| Untracked 
| 118|0x0000000089600000, 0x0000000089600000, 0x0000000089700000|  0%| F|  |TAMS 0x0000000089600000, 0x0000000089600000| Untracked 
| 119|0x0000000089700000, 0x00000000897862d0, 0x0000000089800000| 52%| E|  |TAMS 0x0000000089700000, 0x0000000089700000| Complete 
| 120|0x0000000089800000, 0x0000000089900000, 0x0000000089900000|100%| E|CS|TAMS 0x0000000089800000, 0x0000000089800000| Complete 
| 121|0x0000000089900000, 0x0000000089a00000, 0x0000000089a00000|100%| E|CS|TAMS 0x0000000089900000, 0x0000000089900000| Complete 
| 122|0x0000000089a00000, 0x0000000089b00000, 0x0000000089b00000|100%| E|CS|TAMS 0x0000000089a00000, 0x0000000089a00000| Complete 
| 123|0x0000000089b00000, 0x0000000089c00000, 0x0000000089c00000|100%| E|CS|TAMS 0x0000000089b00000, 0x0000000089b00000| Complete 
| 124|0x0000000089c00000, 0x0000000089d00000, 0x0000000089d00000|100%| E|CS|TAMS 0x0000000089c00000, 0x0000000089c00000| Complete 
| 125|0x0000000089d00000, 0x0000000089e00000, 0x0000000089e00000|100%| E|CS|TAMS 0x0000000089d00000, 0x0000000089d00000| Complete 

Card table byte_map: [0x000002ef74c60000,0x000002ef75050000] _byte_map_base: 0x000002ef74850000

Marking Bits (Prev, Next): (CMBitMap*) 0x000002ef70c31e38, (CMBitMap*) 0x000002ef70c31e78
 Prev Bits: [0x000002ef75440000, 0x000002ef773c0000)
 Next Bits: [0x000002ef773c0000, 0x000002ef79340000)

Polling page: 0x000002ef6e900000

Metaspace:

Usage:
  Non-class:      9.12 MB capacity,     8.92 MB ( 98%) used,   194.13 KB (  2%) free+waste,    10.69 KB ( <1%) overhead. 
      Class:    957.00 KB capacity,   899.66 KB ( 94%) used,    53.03 KB (  6%) free+waste,     4.31 KB ( <1%) overhead. 
       Both:     10.05 MB capacity,     9.80 MB ( 97%) used,   247.16 KB (  2%) free+waste,    15.00 KB ( <1%) overhead. 

Virtual space:
  Non-class space:       10.00 MB reserved,       9.25 MB ( 93%) committed 
      Class space:        1.00 GB reserved,       1.00 MB ( <1%) committed 
             Both:        1.01 GB reserved,      10.25 MB ( <1%) committed 

Chunk freelists:
   Non-Class:  8.00 KB
       Class:  3.00 KB
        Both:  11.00 KB

MaxMetaspaceSize: 17179869184.00 GB
CompressedClassSpaceSize: 1.00 GB

CodeHeap 'non-profiled nmethods': size=120000Kb used=154Kb max_used=154Kb free=119845Kb
 bounds [0x000002ef07ad0000, 0x000002ef07d40000, 0x000002ef0f000000]
CodeHeap 'profiled nmethods': size=120000Kb used=695Kb max_used=695Kb free=119304Kb
 bounds [0x000002ef005a0000, 0x000002ef00810000, 0x000002ef07ad0000]
CodeHeap 'non-nmethods': size=5760Kb used=1235Kb max_used=1251Kb free=4524Kb
 bounds [0x000002ef00000000, 0x000002ef00270000, 0x000002ef005a0000]
 total_blobs=887 nmethods=487 adapters=313
 compilation: enabled
              stopped_count=0, restarted_count=0
 full_count=0

Compilation events (20 events):
Event: 3.490 Thread 0x000002ef7c0fa800  480       3       java.util.regex.ASCII::isUpper (18 bytes)
Event: 3.490 Thread 0x000002ef7c0fa800 nmethod 480 0x000002ef0064ca90 code [0x000002ef0064cc20, 0x000002ef0064cd78]
Event: 4.351 Thread 0x000002ef7c0fa800  481       3       java.lang.Character::isWhitespace (9 bytes)
Event: 4.351 Thread 0x000002ef7c0fa800 nmethod 481 0x000002ef0064ce10 code [0x000002ef0064cfc0, 0x000002ef0064d198]
Event: 4.351 Thread 0x000002ef7c0fa800  482       1       sun.instrument.TransformerManager::getSnapshotTransformerList (5 bytes)
Event: 4.352 Thread 0x000002ef7c0fa800 nmethod 482 0x000002ef07af4e10 code [0x000002ef07af4fa0, 0x000002ef07af5058]
Event: 6.992 Thread 0x000002ef7c0fa800  483       3       java.nio.Buffer::position (55 bytes)
Event: 6.992 Thread 0x000002ef7c0fa800 nmethod 483 0x000002ef0064d290 code [0x000002ef0064d440, 0x000002ef0064d6e8]
Event: 31.092 Thread 0x000002ef7c0fa800  484       1       sun.instrument.TransformerManager$TransformerInfo::transformer (5 bytes)
Event: 31.092 Thread 0x000002ef7c0fa800 nmethod 484 0x000002ef07af5110 code [0x000002ef07af52a0, 0x000002ef07af5358]
Event: 31.092 Thread 0x000002ef7c0f9800  485       4       org.eclipse.jdt.launching.internal.org.objectweb.asm.ClassReader::readUnsignedShort (26 bytes)
Event: 31.092 Thread 0x000002ef7c0fa800  486       3       org.eclipse.jdt.launching.internal.org.objectweb.asm.SymbolTable::addConstantUtf8Reference (20 bytes)
Event: 31.092 Thread 0x000002ef7c0fa800 nmethod 486 0x000002ef0064d810 code [0x000002ef0064d9e0, 0x000002ef0064dd48]
Event: 31.094 Thread 0x000002ef7c0f9800 

Event: 31.094 Thread 0x000002ef7c0f9800  487       4       org.eclipse.jdt.launching.internal.org.objectweb.asm.ClassReader::getItem (7 bytes)
Event: 31.095 Thread 0x000002ef7c0f9800 nmethod 487 0x000002ef07af5410 code [0x000002ef07af55c0, 0x000002ef07af56d8]
Event: 220.635 Thread 0x000002ef7c0f9800  488       4       org.eclipse.jdt.launching.internal.org.objectweb.asm.ClassReader::readUnsignedShort (26 bytes)
Event: 220.638 Thread 0x000002ef7c0f9800 

Event: 220.638 Thread 0x000002ef7c0f9800  489       4       org.eclipse.jdt.launching.internal.org.objectweb.asm.ClassReader::readUtf (161 bytes)
Event: 220.648 Thread 0x000002ef7c0f9800 nmethod 489 0x000002ef07af5790 code [0x000002ef07af5a20, 0x000002ef07af6438]

GC Heap History (0 events):
No events

Deoptimization events (20 events):
Event: 0.408 Thread 0x000002ef70bee800 DEOPT PACKING pc=0x000002ef0061b361 sp=0x000000fec63f7ca0
Event: 0.408 Thread 0x000002ef70bee800 DEOPT UNPACKING pc=0x000002ef0004964e sp=0x000000fec63f7168 mode 0
Event: 0.409 Thread 0x000002ef70bee800 DEOPT PACKING pc=0x000002ef0061b361 sp=0x000000fec63f7ca0
Event: 0.409 Thread 0x000002ef70bee800 DEOPT UNPACKING pc=0x000002ef0004964e sp=0x000000fec63f7168 mode 0
Event: 0.413 Thread 0x000002ef70bee800 DEOPT PACKING pc=0x000002ef0061b361 sp=0x000000fec63fb780
Event: 0.413 Thread 0x000002ef70bee800 DEOPT UNPACKING pc=0x000002ef0004964e sp=0x000000fec63fac48 mode 0
Event: 0.413 Thread 0x000002ef70bee800 DEOPT PACKING pc=0x000002ef0061b361 sp=0x000000fec63fb780
Event: 0.413 Thread 0x000002ef70bee800 DEOPT UNPACKING pc=0x000002ef0004964e sp=0x000000fec63fac48 mode 0
Event: 0.414 Thread 0x000002ef70bee800 DEOPT PACKING pc=0x000002ef0061b361 sp=0x000000fec63fb780
Event: 0.414 Thread 0x000002ef70bee800 DEOPT UNPACKING pc=0x000002ef0004964e sp=0x000000fec63fac48 mode 0
Event: 0.417 Thread 0x000002ef70bee800 DEOPT PACKING pc=0x000002ef0061b361 sp=0x000000fec63f7c20
Event: 0.417 Thread 0x000002ef70bee800 DEOPT UNPACKING pc=0x000002ef0004964e sp=0x000000fec63f70e8 mode 0
Event: 0.462 Thread 0x000002ef70bee800 Uncommon trap: trap_request=0xffffff45 fr.pc=0x000002ef07ad8c34 relative=0x0000000000000274
Event: 0.462 Thread 0x000002ef70bee800 Uncommon trap: reason=unstable_if action=reinterpret pc=0x000002ef07ad8c34 method=java.lang.String.isLatin1()Z @ 10 c2
Event: 0.462 Thread 0x000002ef70bee800 DEOPT PACKING pc=0x000002ef07ad8c34 sp=0x000000fec63fc740
Event: 0.462 Thread 0x000002ef70bee800 DEOPT UNPACKING pc=0x000002ef0004912f sp=0x000000fec63fc670 mode 2
Event: 0.469 Thread 0x000002ef70bee800 Uncommon trap: trap_request=0xffffff45 fr.pc=0x000002ef07ae2664 relative=0x0000000000000044
Event: 0.469 Thread 0x000002ef70bee800 Uncommon trap: reason=unstable_if action=reinterpret pc=0x000002ef07ae2664 method=java.lang.CharacterData.of(I)Ljava/lang/CharacterData; @ 4 c2
Event: 0.469 Thread 0x000002ef70bee800 DEOPT PACKING pc=0x000002ef07ae2664 sp=0x000000fec63fe690
Event: 0.469 Thread 0x000002ef70bee800 DEOPT UNPACKING pc=0x000002ef0004912f sp=0x000000fec63fe630 mode 2

Classes unloaded (0 events):
No events

Classes redefined (3 events):
Event: 31.093 Thread 0x000002ef7b86d000 redefined class name=UT6.UT6_22.ejercicio_22, count=1
Event: 164.065 Thread 0x000002ef7b86d000 redefined class name=UT6.UT6_22.ejercicio_22, count=2
Event: 220.636 Thread 0x000002ef7b86d000 redefined class name=UT6.UT6_22.ejercicio_22, count=3

Internal exceptions (1 events):
Event: 0.440 Thread 0x000002ef70bee800 Exception <a 'java/lang/NoSuchMethodError'{0x00000000899e7d58}: 'int java.lang.invoke.DirectMethodHandle$Holder.invokeSpecialIFC(java.lang.Object, java.lang.Object, int)'> (0x00000000899e7d58) 
thrown [./open/src/hotspot/share/interpreter/linkResolver.cpp, line 766]

Events (20 events):
Event: 223.483 Executing VM operation: GetFrameCount
Event: 223.483 Executing VM operation: GetFrameCount done
Event: 223.485 Executing VM operation: GetFrameCount
Event: 223.485 Executing VM operation: GetFrameCount done
Event: 223.485 Executing VM operation: GetStackTrace
Event: 223.485 Executing VM operation: GetStackTrace done
Event: 223.485 Executing VM operation: GetFrameCount
Event: 223.485 Executing VM operation: GetFrameCount done
Event: 223.486 Executing VM operation: GetOwnedMonitorInfo
Event: 223.486 Executing VM operation: GetOwnedMonitorInfo done
Event: 223.486 Executing VM operation: GetCurrentContendedMonitor
Event: 223.486 Executing VM operation: GetCurrentContendedMonitor done
Event: 223.486 Executing VM operation: GetOwnedMonitorInfo
Event: 223.486 Executing VM operation: GetOwnedMonitorInfo done
Event: 223.487 Executing VM operation: GetCurrentContendedMonitor
Event: 223.487 Executing VM operation: GetCurrentContendedMonitor done
Event: 223.487 Executing VM operation: GetCurrentContendedMonitor
Event: 223.487 Executing VM operation: GetCurrentContendedMonitor done
Event: 223.488 Executing VM operation: GetOwnedMonitorInfo
Event: 223.488 Executing VM operation: GetOwnedMonitorInfo done


Dynamic libraries:
0x00007ff6bdb50000 - 0x00007ff6bdb5d000 	C:\Users\carlos.cg\.p2\pool\plugins\org.eclipse.justj.openjdk.hotspot.jre.full.win32.x86_64_14.0.2.v20200815-0932\jre\bin\javaw.exe
0x00007ffc04a00000 - 0x00007ffc04bf0000 	C:\WINDOWS\SYSTEM32\ntdll.dll
0x00007ffc03260000 - 0x00007ffc03312000 	C:\WINDOWS\System32\KERNEL32.DLL
0x00007ffc01c00000 - 0x00007ffc01ea5000 	C:\WINDOWS\System32\KERNELBASE.dll
0x00007ffc01a00000 - 0x00007ffc01afa000 	C:\WINDOWS\System32\ucrtbase.dll
0x00007ffbeb2a0000 - 0x00007ffbeb2b8000 	C:\Users\carlos.cg\.p2\pool\plugins\org.eclipse.justj.openjdk.hotspot.jre.full.win32.x86_64_14.0.2.v20200815-0932\jre\bin\jli.dll
0x00007ffc04700000 - 0x00007ffc04894000 	C:\WINDOWS\System32\USER32.dll
0x00007ffc02930000 - 0x00007ffc02951000 	C:\WINDOWS\System32\win32u.dll
0x00007ffc03480000 - 0x00007ffc034a6000 	C:\WINDOWS\System32\GDI32.dll
0x00007ffc02790000 - 0x00007ffc02926000 	C:\WINDOWS\System32\gdi32full.dll
0x00007ffbeb280000 - 0x00007ffbeb295000 	C:\Users\carlos.cg\.p2\pool\plugins\org.eclipse.justj.openjdk.hotspot.jre.full.win32.x86_64_14.0.2.v20200815-0932\jre\bin\VCRUNTIME140.dll
0x00007ffc02640000 - 0x00007ffc026de000 	C:\WINDOWS\System32\msvcp_win.dll
0x00007ffbeec00000 - 0x00007ffbeee84000 	C:\WINDOWS\WinSxS\amd64_microsoft.windows.common-controls_6595b64144ccf1df_6.0.18362.1198_none_9e820b57e45ad92f\COMCTL32.dll
0x00007ffc03190000 - 0x00007ffc0322e000 	C:\WINDOWS\System32\msvcrt.dll
0x00007ffc03eb0000 - 0x00007ffc041e5000 	C:\WINDOWS\System32\combase.dll
0x00007ffc048a0000 - 0x00007ffc049c0000 	C:\WINDOWS\System32\RPCRT4.dll
0x00007ffc01980000 - 0x00007ffc01a00000 	C:\WINDOWS\System32\bcryptPrimitives.dll
0x00007ffc03230000 - 0x00007ffc0325e000 	C:\WINDOWS\System32\IMM32.DLL
0x00007ffbe8bb0000 - 0x00007ffbe8c4b000 	C:\Users\carlos.cg\.p2\pool\plugins\org.eclipse.justj.openjdk.hotspot.jre.full.win32.x86_64_14.0.2.v20200815-0932\jre\bin\msvcp140.dll
0x00007ffbaeed0000 - 0x00007ffbaf9ee000 	C:\Users\carlos.cg\.p2\pool\plugins\org.eclipse.justj.openjdk.hotspot.jre.full.win32.x86_64_14.0.2.v20200815-0932\jre\bin\server\jvm.dll
0x00007ffc045d0000 - 0x00007ffc04673000 	C:\WINDOWS\System32\ADVAPI32.dll
0x00007ffc034b0000 - 0x00007ffc03547000 	C:\WINDOWS\System32\sechost.dll
0x00007ffc04420000 - 0x00007ffc04428000 	C:\WINDOWS\System32\PSAPI.DLL
0x00007ffbfe450000 - 0x00007ffbfe459000 	C:\WINDOWS\SYSTEM32\WSOCK32.dll
0x00007ffbff910000 - 0x00007ffbff934000 	C:\WINDOWS\SYSTEM32\WINMM.dll
0x00007ffc043b0000 - 0x00007ffc0441f000 	C:\WINDOWS\System32\WS2_32.dll
0x00007ffbfd150000 - 0x00007ffbfd15a000 	C:\WINDOWS\SYSTEM32\VERSION.dll
0x00007ffbff8e0000 - 0x00007ffbff90d000 	C:\WINDOWS\SYSTEM32\WINMMBASE.dll
0x00007ffc01b00000 - 0x00007ffc01b4a000 	C:\WINDOWS\System32\cfgmgr32.dll
0x00007ffc01960000 - 0x00007ffc01971000 	C:\WINDOWS\System32\kernel.appcore.dll
0x00007ffbff9f0000 - 0x00007ffbff9fa000 	C:\Users\carlos.cg\.p2\pool\plugins\org.eclipse.justj.openjdk.hotspot.jre.full.win32.x86_64_14.0.2.v20200815-0932\jre\bin\jimage.dll
0x00007ffbf2a60000 - 0x00007ffbf2c54000 	C:\WINDOWS\SYSTEM32\DBGHELP.DLL
0x00007ffbf2a30000 - 0x00007ffbf2a5a000 	C:\WINDOWS\SYSTEM32\dbgcore.DLL
0x00007ffbeaf40000 - 0x00007ffbeaf78000 	C:\Users\carlos.cg\.p2\pool\plugins\org.eclipse.justj.openjdk.hotspot.jre.full.win32.x86_64_14.0.2.v20200815-0932\jre\bin\jdwp.dll
0x00007ffbf0660000 - 0x00007ffbf0685000 	C:\Users\carlos.cg\.p2\pool\plugins\org.eclipse.justj.openjdk.hotspot.jre.full.win32.x86_64_14.0.2.v20200815-0932\jre\bin\java.dll
0x00007ffbed5e0000 - 0x00007ffbed5ee000 	C:\Users\carlos.cg\.p2\pool\plugins\org.eclipse.justj.openjdk.hotspot.jre.full.win32.x86_64_14.0.2.v20200815-0932\jre\bin\instrument.dll
0x00007ffbf4820000 - 0x00007ffbf4836000 	C:\Users\carlos.cg\.p2\pool\plugins\org.eclipse.justj.openjdk.hotspot.jre.full.win32.x86_64_14.0.2.v20200815-0932\jre\bin\zip.dll
0x00007ffc03560000 - 0x00007ffc03c47000 	C:\WINDOWS\System32\SHELL32.dll
0x00007ffc030e0000 - 0x00007ffc03189000 	C:\WINDOWS\System32\shcore.dll
0x00007ffc01eb0000 - 0x00007ffc02631000 	C:\WINDOWS\System32\windows.storage.dll
0x00007ffc018c0000 - 0x00007ffc018e3000 	C:\WINDOWS\System32\profapi.dll
0x00007ffc01910000 - 0x00007ffc0195a000 	C:\WINDOWS\System32\powrprof.dll
0x00007ffc018b0000 - 0x00007ffc018c0000 	C:\WINDOWS\System32\UMPDC.dll
0x00007ffc04570000 - 0x00007ffc045c2000 	C:\WINDOWS\System32\shlwapi.dll
0x00007ffc02740000 - 0x00007ffc02757000 	C:\WINDOWS\System32\cryptsp.dll
0x00007ffbecea0000 - 0x00007ffbeceab000 	C:\Users\carlos.cg\.p2\pool\plugins\org.eclipse.justj.openjdk.hotspot.jre.full.win32.x86_64_14.0.2.v20200815-0932\jre\bin\dt_socket.dll
0x00007ffc00e10000 - 0x00007ffc00e4a000 	C:\WINDOWS\SYSTEM32\IPHLPAPI.DLL
0x00007ffc01100000 - 0x00007ffc01167000 	C:\WINDOWS\system32\mswsock.dll
0x00007ffc00e50000 - 0x00007ffc00f1b000 	C:\WINDOWS\SYSTEM32\DNSAPI.dll
0x00007ffc02c60000 - 0x00007ffc02c68000 	C:\WINDOWS\System32\NSI.dll
0x00007ffbfa380000 - 0x00007ffbfa38a000 	C:\Windows\System32\rasadhlp.dll
0x00007ffbfb990000 - 0x00007ffbfba07000 	C:\WINDOWS\System32\fwpuclnt.dll
0x00007ffc02760000 - 0x00007ffc02786000 	C:\WINDOWS\System32\bcrypt.dll
0x00007ffbef060000 - 0x00007ffbef079000 	C:\Users\carlos.cg\.p2\pool\plugins\org.eclipse.justj.openjdk.hotspot.jre.full.win32.x86_64_14.0.2.v20200815-0932\jre\bin\net.dll
0x00007ffbfabe0000 - 0x00007ffbfacd0000 	C:\WINDOWS\SYSTEM32\WINHTTP.dll
0x00007ffbef040000 - 0x00007ffbef052000 	C:\Users\carlos.cg\.p2\pool\plugins\org.eclipse.justj.openjdk.hotspot.jre.full.win32.x86_64_14.0.2.v20200815-0932\jre\bin\nio.dll
0x00007ffbfe210000 - 0x00007ffbfe220000 	C:\Users\carlos.cg\.p2\pool\plugins\org.eclipse.justj.openjdk.hotspot.jre.full.win32.x86_64_14.0.2.v20200815-0932\jre\bin\verify.dll

dbghelp: loaded successfully - version: 4.0.5 - missing functions: none
symbol engine: initialized successfully - sym options: 0x614 - pdb path: .;C:\Users\carlos.cg\.p2\pool\plugins\org.eclipse.justj.openjdk.hotspot.jre.full.win32.x86_64_14.0.2.v20200815-0932\jre\bin;C:\WINDOWS\SYSTEM32;C:\WINDOWS\WinSxS\amd64_microsoft.windows.common-controls_6595b64144ccf1df_6.0.18362.1198_none_9e820b57e45ad92f;C:\Users\carlos.cg\.p2\pool\plugins\org.eclipse.justj.openjdk.hotspot.jre.full.win32.x86_64_14.0.2.v20200815-0932\jre\bin\server

VM Arguments:
jvm_args: -XX:+ShowCodeDetailsInExceptionMessages -agentlib:jdwp=transport=dt_socket,suspend=y,address=localhost:62771 -javaagent:C:\Users\carlos.cg\eclipse\java-2020-09\eclipse\configuration\org.eclipse.osgi\215\0\.cp\lib\javaagent-shaded.jar -Dfile.encoding=UTF-8 
java_command: UT6.UT6_22.ejercicio_22
java_class_path (initial): C:\Users\carlos.cg\Documents\Repositorio\Programacion\bin
Launcher Type: SUN_STANDARD

[Global flags]
     intx CICompilerCount                          = 3                                         {product} {ergonomic}
     uint ConcGCThreads                            = 1                                         {product} {ergonomic}
     uint G1ConcRefinementThreads                  = 4                                         {product} {ergonomic}
   size_t G1HeapRegionSize                         = 1048576                                   {product} {ergonomic}
    uintx GCDrainStackTargetSize                   = 64                                        {product} {ergonomic}
   size_t InitialHeapSize                          = 132120576                                 {product} {ergonomic}
   size_t MarkStackSize                            = 4194304                                   {product} {ergonomic}
   size_t MaxHeapSize                              = 2113929216                                {product} {ergonomic}
   size_t MaxNewSize                               = 1267728384                                {product} {ergonomic}
   size_t MinHeapDeltaBytes                        = 1048576                                   {product} {ergonomic}
   size_t MinHeapSize                              = 8388608                                   {product} {ergonomic}
    uintx NonNMethodCodeHeapSize                   = 5832780                                {pd product} {ergonomic}
    uintx NonProfiledCodeHeapSize                  = 122912730                              {pd product} {ergonomic}
    uintx ProfiledCodeHeapSize                     = 122912730                              {pd product} {ergonomic}
    uintx ReservedCodeCacheSize                    = 251658240                              {pd product} {ergonomic}
     bool SegmentedCodeCache                       = true                                      {product} {ergonomic}
     bool ShowCodeDetailsInExceptionMessages       = true                                   {manageable} {command line}
   size_t SoftMaxHeapSize                          = 2113929216                             {manageable} {ergonomic}
     bool UseCompressedClassPointers               = true                                 {lp64_product} {ergonomic}
     bool UseCompressedOops                        = true                                 {lp64_product} {ergonomic}
     bool UseG1GC                                  = true                                      {product} {ergonomic}
     bool UseLargePagesIndividualAllocation        = false                                  {pd product} {ergonomic}

Logging:
Log output configuration:
 #0: stdout all=warning uptime,level,tags
 #1: stderr all=off uptime,level,tags

Environment Variables:
PATH=C:\Users\carlos.cg\.p2\pool\plugins\org.eclipse.justj.openjdk.hotspot.jre.full.win32.x86_64_14.0.2.v20200815-0932\jre\bin;C:/Users/carlos.cg/.p2/pool/plugins/org.eclipse.justj.openjdk.hotspot.jre.full.win32.x86_64_14.0.2.v20200815-0932/jre/bin/server;C:/Users/carlos.cg/.p2/pool/plugins/org.eclipse.justj.openjdk.hotspot.jre.full.win32.x86_64_14.0.2.v20200815-0932/jre/bin;C:\Program Files (x86)\Common Files\Intel\Shared Libraries\redist\intel64\compiler;C:\WINDOWS\system32;C:\WINDOWS;C:\WINDOWS\System32\Wbem;C:\WINDOWS\System32\WindowsPowerShell\v1.0\;C:\Program Files\dotnet\;C:\WINDOWS\System32\OpenSSH\;C:\Users\carlos.cg\AppData\Local\Microsoft\WindowsApps;C:\Users\carlos.cg\AppData\Local\GitHubDesktop\bin;C:\Users\carlos.cg\AppData\Local\Programs\Microsoft VS Code\bin;C:\Users\carlos.cg\Desktop;
USERNAME=carlos.cg
OS=Windows_NT
PROCESSOR_IDENTIFIER=Intel64 Family 6 Model 94 Stepping 3, GenuineIntel



---------------  S Y S T E M  ---------------

OS: Windows 10 , 64 bit Build 18362 (10.0.18362.1110)
OS uptime: 1 days 3:52 hours

CPU:total 4 (initial active 4) (2 cores per cpu, 2 threads per core) family 6 model 94 stepping 3, cmov, cx8, fxsr, mmx, sse, sse2, sse3, ssse3, sse4.1, sse4.2, popcnt, avx, avx2, aes, clmul, erms, 3dnowpref, lzcnt, ht, tsc, tscinvbit, bmi1, bmi2, adx, fma

Memory: 4k page, system-wide physical 8057M (3458M free)
TotalPageFile size 11897M (AvailPageFile size 4671M)
current process WorkingSet (physical memory assigned to process): 48M, peak: 48M
current process commit charge ("private bytes"): 202M, peak: 203M

vm_info: OpenJDK 64-Bit Server VM (14.0.2+12-46) for windows-amd64 JRE (14.0.2+12-46), built on Jul  9 2020 00:31:16 by "mach5one" with MS VC++ 15.9 (VS2017)

END.
